mode: set
myT-x/internal/mcp/agent-orchestrator/usecase/agent.go:72.17,81.2 1 1
myT-x/internal/mcp/agent-orchestrator/usecase/agent.go:84.105,85.99 1 1
myT-x/internal/mcp/agent-orchestrator/usecase/agent.go:85.99,87.3 1 0
myT-x/internal/mcp/agent-orchestrator/usecase/agent.go:90.2,90.71 1 1
myT-x/internal/mcp/agent-orchestrator/usecase/agent.go:90.71,92.3 1 0
myT-x/internal/mcp/agent-orchestrator/usecase/agent.go:94.2,101.57 2 1
myT-x/internal/mcp/agent-orchestrator/usecase/agent.go:101.57,103.3 1 1
myT-x/internal/mcp/agent-orchestrator/usecase/agent.go:105.2,106.20 2 1
myT-x/internal/mcp/agent-orchestrator/usecase/agent.go:106.20,108.3 1 1
myT-x/internal/mcp/agent-orchestrator/usecase/agent.go:109.2,109.39 1 1
myT-x/internal/mcp/agent-orchestrator/usecase/agent.go:109.39,111.3 1 1
myT-x/internal/mcp/agent-orchestrator/usecase/agent.go:113.2,121.75 2 1
myT-x/internal/mcp/agent-orchestrator/usecase/agent.go:121.75,124.3 2 0
myT-x/internal/mcp/agent-orchestrator/usecase/agent.go:126.2,126.20 1 1
myT-x/internal/mcp/agent-orchestrator/usecase/agent.go:130.76,131.78 1 0
myT-x/internal/mcp/agent-orchestrator/usecase/agent.go:131.78,133.3 1 0
myT-x/internal/mcp/agent-orchestrator/usecase/agent.go:135.2,136.16 2 0
myT-x/internal/mcp/agent-orchestrator/usecase/agent.go:136.16,138.3 1 0
myT-x/internal/mcp/agent-orchestrator/usecase/agent.go:139.2,140.16 2 0
myT-x/internal/mcp/agent-orchestrator/usecase/agent.go:140.16,142.3 1 0
myT-x/internal/mcp/agent-orchestrator/usecase/agent.go:143.2,144.34 2 0
myT-x/internal/mcp/agent-orchestrator/usecase/agent.go:144.34,146.3 1 0
myT-x/internal/mcp/agent-orchestrator/usecase/agent.go:148.2,151.16 4 0
myT-x/internal/mcp/agent-orchestrator/usecase/agent.go:151.16,154.3 2 0
myT-x/internal/mcp/agent-orchestrator/usecase/agent.go:156.2,156.27 1 0
myT-x/internal/mcp/agent-orchestrator/usecase/agent.go:156.27,158.38 2 0
myT-x/internal/mcp/agent-orchestrator/usecase/agent.go:158.38,160.4 1 0
myT-x/internal/mcp/agent-orchestrator/usecase/agent.go:160.9,162.25 2 0
myT-x/internal/mcp/agent-orchestrator/usecase/agent.go:162.25,164.5 1 0
myT-x/internal/mcp/agent-orchestrator/usecase/agent.go:165.4,171.6 1 0
myT-x/internal/mcp/agent-orchestrator/usecase/agent.go:175.2,175.26 1 0
myT-x/internal/mcp/agent-orchestrator/usecase/agent.go:175.26,176.31 1 0
myT-x/internal/mcp/agent-orchestrator/usecase/agent.go:176.31,178.4 1 0
myT-x/internal/mcp/agent-orchestrator/usecase/agent.go:181.2,181.20 1 0
myT-x/internal/mcp/agent-orchestrator/usecase/caller.go:16.47,18.2 1 1
myT-x/internal/mcp/agent-orchestrator/usecase/caller.go:27.146,29.32 2 1
myT-x/internal/mcp/agent-orchestrator/usecase/caller.go:29.32,33.3 2 1
myT-x/internal/mcp/agent-orchestrator/usecase/caller.go:34.2,36.16 3 1
myT-x/internal/mcp/agent-orchestrator/usecase/caller.go:36.16,39.3 2 1
myT-x/internal/mcp/agent-orchestrator/usecase/caller.go:40.2,41.19 2 1
myT-x/internal/mcp/agent-orchestrator/usecase/caller.go:44.51,45.19 1 1
myT-x/internal/mcp/agent-orchestrator/usecase/caller.go:45.19,47.3 1 1
myT-x/internal/mcp/agent-orchestrator/usecase/caller.go:48.2,48.15 1 1
myT-x/internal/mcp/agent-orchestrator/usecase/caller.go:51.59,52.19 1 1
myT-x/internal/mcp/agent-orchestrator/usecase/caller.go:52.19,54.3 1 1
myT-x/internal/mcp/agent-orchestrator/usecase/caller.go:57.73,60.2 2 1
myT-x/internal/mcp/agent-orchestrator/usecase/caller.go:63.63,66.9 3 0
myT-x/internal/mcp/agent-orchestrator/usecase/caller.go:67.13,68.13 1 0
myT-x/internal/mcp/agent-orchestrator/usecase/caller.go:69.20,70.19 1 0
myT-x/internal/mcp/agent-orchestrator/usecase/capture.go:40.19,47.2 1 1
myT-x/internal/mcp/agent-orchestrator/usecase/capture.go:50.102,53.16 3 1
myT-x/internal/mcp/agent-orchestrator/usecase/capture.go:53.16,55.3 1 0
myT-x/internal/mcp/agent-orchestrator/usecase/capture.go:56.2,59.16 3 1
myT-x/internal/mcp/agent-orchestrator/usecase/capture.go:59.16,61.3 1 0
myT-x/internal/mcp/agent-orchestrator/usecase/capture.go:62.2,64.42 2 1
myT-x/internal/mcp/agent-orchestrator/usecase/capture.go:64.42,72.3 2 1
myT-x/internal/mcp/agent-orchestrator/usecase/capture.go:74.2,75.16 2 0
myT-x/internal/mcp/agent-orchestrator/usecase/capture.go:75.16,77.36 2 0
myT-x/internal/mcp/agent-orchestrator/usecase/capture.go:77.36,79.4 1 0
myT-x/internal/mcp/agent-orchestrator/usecase/capture.go:80.3,86.9 2 0
myT-x/internal/mcp/agent-orchestrator/usecase/capture.go:88.2,95.8 2 0
myT-x/internal/mcp/agent-orchestrator/usecase/capture.go:98.47,99.16 1 0
myT-x/internal/mcp/agent-orchestrator/usecase/capture.go:99.16,101.3 1 0
myT-x/internal/mcp/agent-orchestrator/usecase/capture.go:102.2,105.39 2 0
myT-x/internal/mcp/agent-orchestrator/usecase/member_bootstrap.go:77.27,89.2 1 1
myT-x/internal/mcp/agent-orchestrator/usecase/member_bootstrap.go:92.92,94.2 1 1
myT-x/internal/mcp/agent-orchestrator/usecase/member_bootstrap.go:97.108,100.16 2 1
myT-x/internal/mcp/agent-orchestrator/usecase/member_bootstrap.go:100.16,102.3 1 1
myT-x/internal/mcp/agent-orchestrator/usecase/member_bootstrap.go:105.2,106.21 2 1
myT-x/internal/mcp/agent-orchestrator/usecase/member_bootstrap.go:106.21,107.30 1 1
myT-x/internal/mcp/agent-orchestrator/usecase/member_bootstrap.go:107.30,109.4 1 1
myT-x/internal/mcp/agent-orchestrator/usecase/member_bootstrap.go:110.3,110.28 1 1
myT-x/internal/mcp/agent-orchestrator/usecase/member_bootstrap.go:114.2,115.20 2 1
myT-x/internal/mcp/agent-orchestrator/usecase/member_bootstrap.go:115.20,117.3 1 1
myT-x/internal/mcp/agent-orchestrator/usecase/member_bootstrap.go:118.2,125.16 5 1
myT-x/internal/mcp/agent-orchestrator/usecase/member_bootstrap.go:125.16,127.3 1 1
myT-x/internal/mcp/agent-orchestrator/usecase/member_bootstrap.go:128.2,131.82 2 1
myT-x/internal/mcp/agent-orchestrator/usecase/member_bootstrap.go:131.82,134.3 2 1
myT-x/internal/mcp/agent-orchestrator/usecase/member_bootstrap.go:137.2,137.55 1 1
myT-x/internal/mcp/agent-orchestrator/usecase/member_bootstrap.go:137.55,139.3 1 0
myT-x/internal/mcp/agent-orchestrator/usecase/member_bootstrap.go:142.2,142.25 1 1
myT-x/internal/mcp/agent-orchestrator/usecase/member_bootstrap.go:142.25,144.70 2 1
myT-x/internal/mcp/agent-orchestrator/usecase/member_bootstrap.go:144.70,146.4 1 0
myT-x/internal/mcp/agent-orchestrator/usecase/member_bootstrap.go:147.3,147.49 1 1
myT-x/internal/mcp/agent-orchestrator/usecase/member_bootstrap.go:147.49,149.4 1 0
myT-x/internal/mcp/agent-orchestrator/usecase/member_bootstrap.go:153.2,154.69 2 1
myT-x/internal/mcp/agent-orchestrator/usecase/member_bootstrap.go:154.69,156.3 1 0
myT-x/internal/mcp/agent-orchestrator/usecase/member_bootstrap.go:159.2,159.80 1 1
myT-x/internal/mcp/agent-orchestrator/usecase/member_bootstrap.go:159.80,161.3 1 0
myT-x/internal/mcp/agent-orchestrator/usecase/member_bootstrap.go:164.2,168.30 3 1
myT-x/internal/mcp/agent-orchestrator/usecase/member_bootstrap.go:168.30,169.83 1 1
myT-x/internal/mcp/agent-orchestrator/usecase/member_bootstrap.go:169.83,172.4 2 1
myT-x/internal/mcp/agent-orchestrator/usecase/member_bootstrap.go:173.8,174.73 1 1
myT-x/internal/mcp/agent-orchestrator/usecase/member_bootstrap.go:174.73,177.4 2 0
myT-x/internal/mcp/agent-orchestrator/usecase/member_bootstrap.go:180.2,185.8 1 1
myT-x/internal/mcp/agent-orchestrator/usecase/member_bootstrap.go:189.38,190.13 1 1
myT-x/internal/mcp/agent-orchestrator/usecase/member_bootstrap.go:190.13,192.3 1 1
myT-x/internal/mcp/agent-orchestrator/usecase/member_bootstrap.go:193.2,193.59 1 1
myT-x/internal/mcp/agent-orchestrator/usecase/member_bootstrap.go:199.55,203.22 4 1
myT-x/internal/mcp/agent-orchestrator/usecase/member_bootstrap.go:203.22,205.3 1 1
myT-x/internal/mcp/agent-orchestrator/usecase/member_bootstrap.go:206.2,206.19 1 1
myT-x/internal/mcp/agent-orchestrator/usecase/member_bootstrap.go:210.39,212.21 2 1
myT-x/internal/mcp/agent-orchestrator/usecase/member_bootstrap.go:212.21,214.3 1 1
myT-x/internal/mcp/agent-orchestrator/usecase/member_bootstrap.go:215.2,216.115 2 1
myT-x/internal/mcp/agent-orchestrator/usecase/member_bootstrap.go:220.69,222.27 2 1
myT-x/internal/mcp/agent-orchestrator/usecase/member_bootstrap.go:222.27,224.3 1 1
myT-x/internal/mcp/agent-orchestrator/usecase/member_bootstrap.go:225.2,225.52 1 1
myT-x/internal/mcp/agent-orchestrator/usecase/member_bootstrap.go:229.47,230.15 1 1
myT-x/internal/mcp/agent-orchestrator/usecase/member_bootstrap.go:230.15,232.3 1 1
myT-x/internal/mcp/agent-orchestrator/usecase/member_bootstrap.go:233.2,233.40 1 1
myT-x/internal/mcp/agent-orchestrator/usecase/member_bootstrap.go:233.40,235.3 1 1
myT-x/internal/mcp/agent-orchestrator/usecase/member_bootstrap.go:236.2,239.32 4 1
myT-x/internal/mcp/agent-orchestrator/usecase/member_bootstrap.go:239.32,240.21 1 1
myT-x/internal/mcp/agent-orchestrator/usecase/member_bootstrap.go:240.21,242.39 2 1
myT-x/internal/mcp/agent-orchestrator/usecase/member_bootstrap.go:242.39,244.5 1 1
myT-x/internal/mcp/agent-orchestrator/usecase/member_bootstrap.go:245.4,245.38 1 1
myT-x/internal/mcp/agent-orchestrator/usecase/member_bootstrap.go:245.38,246.21 1 1
myT-x/internal/mcp/agent-orchestrator/usecase/member_bootstrap.go:246.21,248.6 1 1
myT-x/internal/mcp/agent-orchestrator/usecase/member_bootstrap.go:249.10,251.5 1 0
myT-x/internal/mcp/agent-orchestrator/usecase/member_bootstrap.go:252.4,252.13 1 1
myT-x/internal/mcp/agent-orchestrator/usecase/member_bootstrap.go:253.9,253.27 1 1
myT-x/internal/mcp/agent-orchestrator/usecase/member_bootstrap.go:253.27,255.4 1 1
myT-x/internal/mcp/agent-orchestrator/usecase/member_bootstrap.go:255.9,257.4 1 1
myT-x/internal/mcp/agent-orchestrator/usecase/member_bootstrap.go:259.2,260.21 2 1
myT-x/internal/mcp/agent-orchestrator/usecase/member_bootstrap.go:264.102,268.29 4 1
myT-x/internal/mcp/agent-orchestrator/usecase/member_bootstrap.go:268.29,272.3 3 1
myT-x/internal/mcp/agent-orchestrator/usecase/member_bootstrap.go:273.2,273.25 1 1
myT-x/internal/mcp/agent-orchestrator/usecase/member_bootstrap.go:273.25,275.36 2 1
myT-x/internal/mcp/agent-orchestrator/usecase/member_bootstrap.go:275.36,276.31 1 1
myT-x/internal/mcp/agent-orchestrator/usecase/member_bootstrap.go:276.31,278.5 1 1
myT-x/internal/mcp/agent-orchestrator/usecase/member_bootstrap.go:278.10,280.5 1 1
myT-x/internal/mcp/agent-orchestrator/usecase/member_bootstrap.go:283.2,288.25 6 1
myT-x/internal/mcp/agent-orchestrator/usecase/member_bootstrap.go:288.25,290.17 2 1
myT-x/internal/mcp/agent-orchestrator/usecase/member_bootstrap.go:290.17,292.4 1 0
myT-x/internal/mcp/agent-orchestrator/usecase/member_bootstrap.go:293.3,293.143 1 1
myT-x/internal/mcp/agent-orchestrator/usecase/member_bootstrap.go:294.8,296.3 1 1
myT-x/internal/mcp/agent-orchestrator/usecase/member_bootstrap.go:298.2,313.19 14 1
myT-x/internal/mcp/agent-orchestrator/usecase/response.go:50.20,60.2 1 1
myT-x/internal/mcp/agent-orchestrator/usecase/response.go:63.102,66.16 3 1
myT-x/internal/mcp/agent-orchestrator/usecase/response.go:66.16,68.3 1 0
myT-x/internal/mcp/agent-orchestrator/usecase/response.go:70.2,71.16 2 1
myT-x/internal/mcp/agent-orchestrator/usecase/response.go:71.16,73.3 1 1
myT-x/internal/mcp/agent-orchestrator/usecase/response.go:74.2,87.14 3 1
myT-x/internal/mcp/agent-orchestrator/usecase/response.go:87.14,99.3 2 1
myT-x/internal/mcp/agent-orchestrator/usecase/response.go:100.2,100.45 1 1
myT-x/internal/mcp/agent-orchestrator/usecase/response.go:100.45,103.3 2 1
myT-x/internal/mcp/agent-orchestrator/usecase/response.go:105.2,106.22 2 1
myT-x/internal/mcp/agent-orchestrator/usecase/response.go:106.22,109.3 2 1
myT-x/internal/mcp/agent-orchestrator/usecase/response.go:110.2,111.16 2 1
myT-x/internal/mcp/agent-orchestrator/usecase/response.go:111.16,113.3 1 0
myT-x/internal/mcp/agent-orchestrator/usecase/response.go:114.2,116.43 2 1
myT-x/internal/mcp/agent-orchestrator/usecase/response.go:116.43,118.3 1 1
myT-x/internal/mcp/agent-orchestrator/usecase/response.go:118.8,119.76 1 1
myT-x/internal/mcp/agent-orchestrator/usecase/response.go:119.76,121.4 1 0
myT-x/internal/mcp/agent-orchestrator/usecase/response.go:122.3,122.113 1 1
myT-x/internal/mcp/agent-orchestrator/usecase/response.go:125.2,137.16 5 1
myT-x/internal/mcp/agent-orchestrator/usecase/response.go:137.16,142.3 4 1
myT-x/internal/mcp/agent-orchestrator/usecase/response.go:143.2,147.17 1 1
myT-x/internal/mcp/agent-orchestrator/usecase/response.go:147.17,152.3 4 0
myT-x/internal/mcp/agent-orchestrator/usecase/response.go:154.2,154.75 1 1
myT-x/internal/mcp/agent-orchestrator/usecase/response.go:154.75,158.3 3 0
myT-x/internal/mcp/agent-orchestrator/usecase/response.go:158.8,162.3 3 1
myT-x/internal/mcp/agent-orchestrator/usecase/response.go:164.2,164.20 1 1
myT-x/internal/mcp/agent-orchestrator/usecase/response.go:171.142,172.87 1 1
myT-x/internal/mcp/agent-orchestrator/usecase/response.go:172.87,175.3 2 0
myT-x/internal/mcp/agent-orchestrator/usecase/response.go:175.8,178.3 2 1
myT-x/internal/mcp/agent-orchestrator/usecase/response.go:181.84,182.29 1 1
myT-x/internal/mcp/agent-orchestrator/usecase/response.go:182.29,184.3 1 1
myT-x/internal/mcp/agent-orchestrator/usecase/response.go:185.2,185.71 1 1
myT-x/internal/mcp/agent-orchestrator/usecase/response.go:185.71,187.3 1 1
myT-x/internal/mcp/agent-orchestrator/usecase/response.go:188.2,188.35 1 1
myT-x/internal/mcp/agent-orchestrator/usecase/response.go:188.35,190.3 1 1
myT-x/internal/mcp/agent-orchestrator/usecase/response.go:191.2,191.24 1 1
myT-x/internal/mcp/agent-orchestrator/usecase/status.go:62.18,72.2 1 1
myT-x/internal/mcp/agent-orchestrator/usecase/status.go:75.108,77.16 2 1
myT-x/internal/mcp/agent-orchestrator/usecase/status.go:77.16,79.3 1 1
myT-x/internal/mcp/agent-orchestrator/usecase/status.go:80.2,80.62 1 1
myT-x/internal/mcp/agent-orchestrator/usecase/status.go:80.62,82.3 1 0
myT-x/internal/mcp/agent-orchestrator/usecase/status.go:83.2,83.65 1 1
myT-x/internal/mcp/agent-orchestrator/usecase/status.go:83.65,85.3 1 1
myT-x/internal/mcp/agent-orchestrator/usecase/status.go:87.2,94.17 2 1
myT-x/internal/mcp/agent-orchestrator/usecase/status.go:94.17,96.3 1 1
myT-x/internal/mcp/agent-orchestrator/usecase/status.go:98.2,105.46 2 1
myT-x/internal/mcp/agent-orchestrator/usecase/status.go:105.46,107.3 1 1
myT-x/internal/mcp/agent-orchestrator/usecase/status.go:109.2,109.20 1 1
myT-x/internal/mcp/agent-orchestrator/usecase/status.go:113.114,114.78 1 1
myT-x/internal/mcp/agent-orchestrator/usecase/status.go:114.78,116.3 1 0
myT-x/internal/mcp/agent-orchestrator/usecase/status.go:117.2,117.65 1 1
myT-x/internal/mcp/agent-orchestrator/usecase/status.go:117.65,119.3 1 0
myT-x/internal/mcp/agent-orchestrator/usecase/status.go:121.2,122.16 2 1
myT-x/internal/mcp/agent-orchestrator/usecase/status.go:122.16,123.41 1 1
myT-x/internal/mcp/agent-orchestrator/usecase/status.go:123.41,128.4 1 1
myT-x/internal/mcp/agent-orchestrator/usecase/status.go:129.3,129.94 1 1
myT-x/internal/mcp/agent-orchestrator/usecase/status.go:132.2,138.28 2 1
myT-x/internal/mcp/agent-orchestrator/usecase/status.go:138.28,140.22 2 1
myT-x/internal/mcp/agent-orchestrator/usecase/status.go:140.22,143.4 2 1
myT-x/internal/mcp/agent-orchestrator/usecase/status.go:146.2,146.20 1 1
myT-x/internal/mcp/agent-orchestrator/usecase/status.go:151.90,152.60 1 1
myT-x/internal/mcp/agent-orchestrator/usecase/status.go:152.60,154.3 1 1
myT-x/internal/mcp/agent-orchestrator/usecase/status.go:156.2,157.16 2 1
myT-x/internal/mcp/agent-orchestrator/usecase/status.go:157.16,160.3 2 0
myT-x/internal/mcp/agent-orchestrator/usecase/status.go:161.2,161.42 1 1
myT-x/internal/mcp/agent-orchestrator/usecase/status.go:161.42,163.3 1 1
myT-x/internal/mcp/agent-orchestrator/usecase/status.go:165.2,169.16 2 1
myT-x/internal/mcp/agent-orchestrator/usecase/status.go:169.16,172.3 2 1
myT-x/internal/mcp/agent-orchestrator/usecase/status.go:174.2,175.29 2 1
myT-x/internal/mcp/agent-orchestrator/usecase/status.go:175.29,176.60 1 1
myT-x/internal/mcp/agent-orchestrator/usecase/status.go:176.60,177.12 1 1
myT-x/internal/mcp/agent-orchestrator/usecase/status.go:179.3,180.20 2 1
myT-x/internal/mcp/agent-orchestrator/usecase/status.go:180.20,182.12 2 1
myT-x/internal/mcp/agent-orchestrator/usecase/status.go:184.3,184.83 1 1
myT-x/internal/mcp/agent-orchestrator/usecase/status.go:184.83,186.12 2 0
myT-x/internal/mcp/agent-orchestrator/usecase/status.go:188.3,189.10 2 1
myT-x/internal/mcp/agent-orchestrator/usecase/status.go:191.2,191.14 1 1
myT-x/internal/mcp/agent-orchestrator/usecase/task_dispatch.go:106.24,116.2 1 1
myT-x/internal/mcp/agent-orchestrator/usecase/task_dispatch.go:121.98,123.16 2 1
myT-x/internal/mcp/agent-orchestrator/usecase/task_dispatch.go:123.16,125.3 1 1
myT-x/internal/mcp/agent-orchestrator/usecase/task_dispatch.go:126.2,126.48 1 1
myT-x/internal/mcp/agent-orchestrator/usecase/task_dispatch.go:131.105,132.78 1 1
myT-x/internal/mcp/agent-orchestrator/usecase/task_dispatch.go:132.78,134.3 1 1
myT-x/internal/mcp/agent-orchestrator/usecase/task_dispatch.go:135.2,136.16 2 1
myT-x/internal/mcp/agent-orchestrator/usecase/task_dispatch.go:136.16,138.3 1 0
myT-x/internal/mcp/agent-orchestrator/usecase/task_dispatch.go:139.2,140.16 2 1
myT-x/internal/mcp/agent-orchestrator/usecase/task_dispatch.go:140.16,142.3 1 0
myT-x/internal/mcp/agent-orchestrator/usecase/task_dispatch.go:143.2,148.17 2 1
myT-x/internal/mcp/agent-orchestrator/usecase/task_dispatch.go:148.17,150.3 1 0
myT-x/internal/mcp/agent-orchestrator/usecase/task_dispatch.go:152.2,154.33 3 1
myT-x/internal/mcp/agent-orchestrator/usecase/task_dispatch.go:154.33,164.17 2 1
myT-x/internal/mcp/agent-orchestrator/usecase/task_dispatch.go:164.17,171.12 4 1
myT-x/internal/mcp/agent-orchestrator/usecase/task_dispatch.go:173.3,177.5 2 1
myT-x/internal/mcp/agent-orchestrator/usecase/task_dispatch.go:179.2,179.23 1 1
myT-x/internal/mcp/agent-orchestrator/usecase/task_dispatch.go:179.23,180.63 1 1
myT-x/internal/mcp/agent-orchestrator/usecase/task_dispatch.go:180.63,182.4 1 0
myT-x/internal/mcp/agent-orchestrator/usecase/task_dispatch.go:183.3,183.15 1 1
myT-x/internal/mcp/agent-orchestrator/usecase/task_dispatch.go:186.2,190.8 1 1
myT-x/internal/mcp/agent-orchestrator/usecase/task_dispatch.go:193.134,195.16 2 1
myT-x/internal/mcp/agent-orchestrator/usecase/task_dispatch.go:195.16,197.3 1 1
myT-x/internal/mcp/agent-orchestrator/usecase/task_dispatch.go:199.2,199.42 1 1
myT-x/internal/mcp/agent-orchestrator/usecase/task_dispatch.go:199.42,201.3 1 1
myT-x/internal/mcp/agent-orchestrator/usecase/task_dispatch.go:203.2,204.16 2 1
myT-x/internal/mcp/agent-orchestrator/usecase/task_dispatch.go:204.16,206.3 1 1
myT-x/internal/mcp/agent-orchestrator/usecase/task_dispatch.go:208.2,209.116 2 1
myT-x/internal/mcp/agent-orchestrator/usecase/task_dispatch.go:209.116,211.3 1 1
myT-x/internal/mcp/agent-orchestrator/usecase/task_dispatch.go:213.2,216.33 4 1
myT-x/internal/mcp/agent-orchestrator/usecase/task_dispatch.go:216.33,218.3 1 0
myT-x/internal/mcp/agent-orchestrator/usecase/task_dispatch.go:221.2,222.16 2 1
myT-x/internal/mcp/agent-orchestrator/usecase/task_dispatch.go:222.16,224.3 1 0
myT-x/internal/mcp/agent-orchestrator/usecase/task_dispatch.go:225.2,229.17 1 1
myT-x/internal/mcp/agent-orchestrator/usecase/task_dispatch.go:229.17,231.3 1 0
myT-x/internal/mcp/agent-orchestrator/usecase/task_dispatch.go:233.2,246.28 2 1
myT-x/internal/mcp/agent-orchestrator/usecase/task_dispatch.go:246.28,248.3 1 1
myT-x/internal/mcp/agent-orchestrator/usecase/task_dispatch.go:250.2,250.85 1 1
myT-x/internal/mcp/agent-orchestrator/usecase/task_dispatch.go:250.85,252.3 1 1
myT-x/internal/mcp/agent-orchestrator/usecase/task_dispatch.go:254.2,262.45 2 1
myT-x/internal/mcp/agent-orchestrator/usecase/task_dispatch.go:262.45,264.3 1 1
myT-x/internal/mcp/agent-orchestrator/usecase/task_dispatch.go:266.2,266.74 1 1
myT-x/internal/mcp/agent-orchestrator/usecase/task_dispatch.go:266.74,267.69 1 0
myT-x/internal/mcp/agent-orchestrator/usecase/task_dispatch.go:267.69,270.4 2 0
myT-x/internal/mcp/agent-orchestrator/usecase/task_dispatch.go:271.3,271.84 1 0
myT-x/internal/mcp/agent-orchestrator/usecase/task_dispatch.go:274.2,274.20 1 1
myT-x/internal/mcp/agent-orchestrator/usecase/task_dispatch.go:278.108,280.16 2 1
myT-x/internal/mcp/agent-orchestrator/usecase/task_dispatch.go:280.16,282.3 1 0
myT-x/internal/mcp/agent-orchestrator/usecase/task_dispatch.go:284.2,285.16 2 1
myT-x/internal/mcp/agent-orchestrator/usecase/task_dispatch.go:285.16,287.3 1 0
myT-x/internal/mcp/agent-orchestrator/usecase/task_dispatch.go:288.2,288.46 1 1
myT-x/internal/mcp/agent-orchestrator/usecase/task_dispatch.go:288.46,290.3 1 1
myT-x/internal/mcp/agent-orchestrator/usecase/task_dispatch.go:292.2,293.85 2 1
myT-x/internal/mcp/agent-orchestrator/usecase/task_dispatch.go:293.85,295.3 1 1
myT-x/internal/mcp/agent-orchestrator/usecase/task_dispatch.go:297.2,300.8 1 1
myT-x/internal/mcp/agent-orchestrator/usecase/task_dispatch.go:303.76,304.29 1 1
myT-x/internal/mcp/agent-orchestrator/usecase/task_dispatch.go:304.29,306.3 1 0
myT-x/internal/mcp/agent-orchestrator/usecase/task_dispatch.go:307.2,307.61 1 1
myT-x/internal/mcp/agent-orchestrator/usecase/task_dispatch.go:307.61,309.3 1 1
myT-x/internal/mcp/agent-orchestrator/usecase/task_dispatch.go:310.2,310.67 1 1
myT-x/internal/mcp/agent-orchestrator/usecase/task_dispatch.go:310.67,312.3 1 0
myT-x/internal/mcp/agent-orchestrator/usecase/task_dispatch.go:313.2,313.14 1 1
myT-x/internal/mcp/agent-orchestrator/usecase/task_dispatch.go:316.53,317.18 1 1
myT-x/internal/mcp/agent-orchestrator/usecase/task_dispatch.go:317.18,319.3 1 1
myT-x/internal/mcp/agent-orchestrator/usecase/task_dispatch.go:320.2,324.105 1 1
myT-x/internal/mcp/agent-orchestrator/usecase/task_dispatch.go:330.98,332.37 2 1
myT-x/internal/mcp/agent-orchestrator/usecase/task_dispatch.go:332.37,334.3 1 1
myT-x/internal/mcp/agent-orchestrator/usecase/task_dispatch.go:335.2,335.44 1 1
myT-x/internal/mcp/agent-orchestrator/usecase/task_expiry.go:11.101,13.16 2 1
myT-x/internal/mcp/agent-orchestrator/usecase/task_expiry.go:13.16,15.3 1 0
myT-x/internal/mcp/agent-orchestrator/usecase/task_expiry.go:16.2,16.12 1 1
myT-x/internal/mcp/agent-orchestrator/usecase/task_query.go:164.21,173.2 1 1
myT-x/internal/mcp/agent-orchestrator/usecase/task_query.go:179.105,181.16 2 1
myT-x/internal/mcp/agent-orchestrator/usecase/task_query.go:181.16,183.3 1 0
myT-x/internal/mcp/agent-orchestrator/usecase/task_query.go:185.2,185.62 1 1
myT-x/internal/mcp/agent-orchestrator/usecase/task_query.go:185.62,187.3 1 1
myT-x/internal/mcp/agent-orchestrator/usecase/task_query.go:188.2,188.67 1 1
myT-x/internal/mcp/agent-orchestrator/usecase/task_query.go:188.67,190.3 1 0
myT-x/internal/mcp/agent-orchestrator/usecase/task_query.go:192.2,196.16 2 1
myT-x/internal/mcp/agent-orchestrator/usecase/task_query.go:196.16,198.3 1 0
myT-x/internal/mcp/agent-orchestrator/usecase/task_query.go:200.2,201.20 2 1
myT-x/internal/mcp/agent-orchestrator/usecase/task_query.go:201.20,203.3 1 1
myT-x/internal/mcp/agent-orchestrator/usecase/task_query.go:205.2,207.26 3 1
myT-x/internal/mcp/agent-orchestrator/usecase/task_query.go:207.26,218.129 2 1
myT-x/internal/mcp/agent-orchestrator/usecase/task_query.go:218.129,220.21 2 1
myT-x/internal/mcp/agent-orchestrator/usecase/task_query.go:220.21,222.13 2 1
myT-x/internal/mcp/agent-orchestrator/usecase/task_query.go:224.4,231.83 3 1
myT-x/internal/mcp/agent-orchestrator/usecase/task_query.go:231.83,233.5 1 1
myT-x/internal/mcp/agent-orchestrator/usecase/task_query.go:237.2,242.8 1 1
myT-x/internal/mcp/agent-orchestrator/usecase/task_query.go:246.117,248.16 2 1
myT-x/internal/mcp/agent-orchestrator/usecase/task_query.go:248.16,250.3 1 0
myT-x/internal/mcp/agent-orchestrator/usecase/task_query.go:252.2,252.62 1 1
myT-x/internal/mcp/agent-orchestrator/usecase/task_query.go:252.62,254.3 1 1
myT-x/internal/mcp/agent-orchestrator/usecase/task_query.go:255.2,255.67 1 1
myT-x/internal/mcp/agent-orchestrator/usecase/task_query.go:255.67,257.3 1 0
myT-x/internal/mcp/agent-orchestrator/usecase/task_query.go:259.2,260.16 2 1
myT-x/internal/mcp/agent-orchestrator/usecase/task_query.go:260.16,262.3 1 1
myT-x/internal/mcp/agent-orchestrator/usecase/task_query.go:264.2,264.37 1 1
myT-x/internal/mcp/agent-orchestrator/usecase/task_query.go:264.37,266.3 1 1
myT-x/internal/mcp/agent-orchestrator/usecase/task_query.go:268.2,269.16 2 1
myT-x/internal/mcp/agent-orchestrator/usecase/task_query.go:269.16,271.3 1 1
myT-x/internal/mcp/agent-orchestrator/usecase/task_query.go:273.2,286.8 1 1
myT-x/internal/mcp/agent-orchestrator/usecase/task_query.go:290.111,291.78 1 1
myT-x/internal/mcp/agent-orchestrator/usecase/task_query.go:291.78,293.3 1 0
myT-x/internal/mcp/agent-orchestrator/usecase/task_query.go:294.2,294.67 1 1
myT-x/internal/mcp/agent-orchestrator/usecase/task_query.go:294.67,296.3 1 0
myT-x/internal/mcp/agent-orchestrator/usecase/task_query.go:298.2,302.16 2 1
myT-x/internal/mcp/agent-orchestrator/usecase/task_query.go:302.16,304.3 1 0
myT-x/internal/mcp/agent-orchestrator/usecase/task_query.go:306.2,308.26 3 1
myT-x/internal/mcp/agent-orchestrator/usecase/task_query.go:308.26,319.19 2 1
myT-x/internal/mcp/agent-orchestrator/usecase/task_query.go:320.33,321.13 1 1
myT-x/internal/mcp/agent-orchestrator/usecase/task_query.go:322.33,323.13 1 1
myT-x/internal/mcp/agent-orchestrator/usecase/task_query.go:324.35,325.15 1 1
myT-x/internal/mcp/agent-orchestrator/usecase/task_query.go:326.32,327.12 1 1
myT-x/internal/mcp/agent-orchestrator/usecase/task_query.go:328.35,329.15 1 1
myT-x/internal/mcp/agent-orchestrator/usecase/task_query.go:330.35,331.15 1 0
myT-x/internal/mcp/agent-orchestrator/usecase/task_query.go:332.33,333.13 1 0
myT-x/internal/mcp/agent-orchestrator/usecase/task_query.go:337.2,346.8 1 1
myT-x/internal/mcp/agent-orchestrator/usecase/task_query.go:350.114,352.16 2 1
myT-x/internal/mcp/agent-orchestrator/usecase/task_query.go:352.16,354.3 1 0
myT-x/internal/mcp/agent-orchestrator/usecase/task_query.go:355.2,355.67 1 1
myT-x/internal/mcp/agent-orchestrator/usecase/task_query.go:355.67,357.3 1 0
myT-x/internal/mcp/agent-orchestrator/usecase/task_query.go:359.2,360.16 2 1
myT-x/internal/mcp/agent-orchestrator/usecase/task_query.go:360.16,362.3 1 0
myT-x/internal/mcp/agent-orchestrator/usecase/task_query.go:363.2,363.46 1 1
myT-x/internal/mcp/agent-orchestrator/usecase/task_query.go:363.46,365.3 1 1
myT-x/internal/mcp/agent-orchestrator/usecase/task_query.go:367.2,381.16 3 1
myT-x/internal/mcp/agent-orchestrator/usecase/task_query.go:381.16,383.3 1 0
myT-x/internal/mcp/agent-orchestrator/usecase/task_query.go:384.2,386.76 2 1
myT-x/internal/mcp/agent-orchestrator/usecase/task_query.go:386.76,388.17 2 1
myT-x/internal/mcp/agent-orchestrator/usecase/task_query.go:388.17,390.4 1 0
myT-x/internal/mcp/agent-orchestrator/usecase/task_query.go:391.3,394.4 1 1
myT-x/internal/mcp/agent-orchestrator/usecase/task_query.go:397.2,397.20 1 1
myT-x/internal/mcp/agent-orchestrator/usecase/task_query.go:401.129,402.78 1 1
myT-x/internal/mcp/agent-orchestrator/usecase/task_query.go:402.78,404.3 1 0
myT-x/internal/mcp/agent-orchestrator/usecase/task_query.go:405.2,406.16 2 1
myT-x/internal/mcp/agent-orchestrator/usecase/task_query.go:406.16,408.3 1 0
myT-x/internal/mcp/agent-orchestrator/usecase/task_query.go:409.2,411.33 3 1
myT-x/internal/mcp/agent-orchestrator/usecase/task_query.go:411.33,416.3 1 1
myT-x/internal/mcp/agent-orchestrator/usecase/task_query.go:417.2,420.8 1 1
myT-x/internal/mcp/agent-orchestrator/usecase/task_query.go:423.92,424.29 1 1
myT-x/internal/mcp/agent-orchestrator/usecase/task_query.go:424.29,426.3 1 1
myT-x/internal/mcp/agent-orchestrator/usecase/task_query.go:429.88,430.42 1 1
myT-x/internal/mcp/agent-orchestrator/usecase/task_query.go:430.42,432.3 1 0
myT-x/internal/mcp/agent-orchestrator/usecase/task_query.go:433.2,433.106 1 1
myT-x/internal/mcp/agent-orchestrator/usecase/task_query.go:433.106,435.3 1 0
myT-x/internal/mcp/agent-orchestrator/usecase/task_query.go:437.2,438.16 2 1
myT-x/internal/mcp/agent-orchestrator/usecase/task_query.go:438.16,441.3 2 0
myT-x/internal/mcp/agent-orchestrator/usecase/task_query.go:442.2,442.81 1 1
myT-x/internal/mcp/agent-orchestrator/usecase/task_query.go:442.81,443.70 1 1
myT-x/internal/mcp/agent-orchestrator/usecase/task_query.go:443.70,446.4 2 0
myT-x/internal/mcp/agent-orchestrator/usecase/task_query.go:447.3,447.108 1 1
myT-x/internal/mcp/agent-orchestrator/usecase/task_query.go:451.76,452.45 1 1
myT-x/internal/mcp/agent-orchestrator/usecase/task_query.go:452.45,454.3 1 1
myT-x/internal/mcp/agent-orchestrator/usecase/task_query.go:455.2,456.16 2 1
myT-x/internal/mcp/agent-orchestrator/usecase/task_update.go:53.22,60.2 1 1
myT-x/internal/mcp/agent-orchestrator/usecase/task_update.go:63.121,65.16 2 1
myT-x/internal/mcp/agent-orchestrator/usecase/task_update.go:65.16,67.3 1 0
myT-x/internal/mcp/agent-orchestrator/usecase/task_update.go:68.2,68.62 1 1
myT-x/internal/mcp/agent-orchestrator/usecase/task_update.go:68.62,70.3 1 0
myT-x/internal/mcp/agent-orchestrator/usecase/task_update.go:71.2,71.67 1 1
myT-x/internal/mcp/agent-orchestrator/usecase/task_update.go:71.67,73.3 1 0
myT-x/internal/mcp/agent-orchestrator/usecase/task_update.go:75.2,76.16 2 1
myT-x/internal/mcp/agent-orchestrator/usecase/task_update.go:76.16,78.3 1 0
myT-x/internal/mcp/agent-orchestrator/usecase/task_update.go:79.2,80.49 2 1
myT-x/internal/mcp/agent-orchestrator/usecase/task_update.go:80.49,82.3 1 0
myT-x/internal/mcp/agent-orchestrator/usecase/task_update.go:83.2,83.45 1 1
myT-x/internal/mcp/agent-orchestrator/usecase/task_update.go:83.45,85.3 1 1
myT-x/internal/mcp/agent-orchestrator/usecase/task_update.go:87.2,88.26 2 0
myT-x/internal/mcp/agent-orchestrator/usecase/task_update.go:88.26,90.82 2 0
myT-x/internal/mcp/agent-orchestrator/usecase/task_update.go:90.82,92.4 1 0
myT-x/internal/mcp/agent-orchestrator/usecase/task_update.go:95.2,99.8 1 0
myT-x/internal/mcp/agent-orchestrator/usecase/task_update.go:103.130,105.16 2 1
myT-x/internal/mcp/agent-orchestrator/usecase/task_update.go:105.16,107.3 1 0
myT-x/internal/mcp/agent-orchestrator/usecase/task_update.go:108.2,108.55 1 1
myT-x/internal/mcp/agent-orchestrator/usecase/task_update.go:108.55,110.3 1 1
myT-x/internal/mcp/agent-orchestrator/usecase/task_update.go:111.2,111.67 1 1
myT-x/internal/mcp/agent-orchestrator/usecase/task_update.go:111.67,113.3 1 0
myT-x/internal/mcp/agent-orchestrator/usecase/task_update.go:115.2,116.16 2 1
myT-x/internal/mcp/agent-orchestrator/usecase/task_update.go:116.16,118.3 1 0
myT-x/internal/mcp/agent-orchestrator/usecase/task_update.go:119.2,120.14 2 1
myT-x/internal/mcp/agent-orchestrator/usecase/task_update.go:120.14,122.3 1 0
myT-x/internal/mcp/agent-orchestrator/usecase/task_update.go:123.2,123.45 1 1
myT-x/internal/mcp/agent-orchestrator/usecase/task_update.go:123.45,125.3 1 1
myT-x/internal/mcp/agent-orchestrator/usecase/task_update.go:127.2,128.122 2 0
myT-x/internal/mcp/agent-orchestrator/usecase/task_update.go:128.122,130.3 1 0
myT-x/internal/mcp/agent-orchestrator/usecase/task_update.go:132.2,133.24 2 0
myT-x/internal/mcp/agent-orchestrator/usecase/task_update.go:133.24,135.3 1 0
myT-x/internal/mcp/agent-orchestrator/usecase/task_update.go:137.2,141.8 1 0
